-------------------------------------------------------------------------------------------------------------
      name:  donate_results
       log:  /Users/fsolt/Documents/Projects/Workflow/Michael/Campaign3/donate/donate_results.log
  log type:  text
 opened on:  15 Dec 2014, 16:09:41


for income = -2

    Variable |       Obs        Mean    Std. Dev.       Min        Max
-------------+--------------------------------------------------------
pp~o_income1 |      2500    .1621184    .0128273   .1219649   .2080047
pp~i_income1 |      2500    .0946518    .0060141   .0740688   .1175983
diff1gini_~1 |      2500   -.0674666    .0176465  -.1271427  -.0098452


for income = -1

    Variable |       Obs        Mean    Std. Dev.       Min        Max
-------------+--------------------------------------------------------
pp~o_income2 |      2500     .202328    .0121854   .1607066   .2457289
pp~i_income2 |      2500    .1233253    .0064742   .1001895   .1460635
diff1gini_~2 |      2500   -.0790027     .017523  -.1442487  -.0190774


for income = 0

    Variable |       Obs        Mean    Std. Dev.       Min        Max
-------------+--------------------------------------------------------
pp~o_income3 |      2500    .2497179    .0136356   .1971195   .2977918
pp~i_income3 |      2500    .1592366    .0082638    .130453   .1863274
diff1gini_~3 |      2500   -.0904814    .0208158  -.1656879    -.01207


for income = 1

    Variable |       Obs        Mean    Std. Dev.       Min        Max
-------------+--------------------------------------------------------
pp~o_income4 |      2500    .3040958    .0185784   .2337749   .3731629
pp~i_income4 |      2500    .2032477    .0121048   .1637879    .243199
diff1gini_~4 |      2500   -.1008481    .0293967  -.2002649    .007401


for income = 2

    Variable |       Obs        Mean    Std. Dev.       Min        Max
-------------+--------------------------------------------------------
pp~o_income5 |      2500    .3645745    .0263287   .2708848   .4640886
pp~i_income5 |      2500    .2557531    .0179588    .203646   .3189922
diff1gini_~5 |      2500   -.1088214    .0424609  -.2503012   .0402763
gdppc, 30.988 to 70.594

    Variable |       Obs        Mean    Std. Dev.       Min        Max
-------------+--------------------------------------------------------
     pp1lo_3 |      2500    .1859345    .0069071   .1614812   .2112147
     pp1hi_3 |      2500     .221157     .011388    .180836   .2648006
   diff1pp_3 |      2500    .0352225    .0168313  -.0253907   .1019155
div_st, 11 to 81

    Variable |       Obs        Mean    Std. Dev.       Min        Max
-------------+--------------------------------------------------------
     pp1lo_4 |      2500    .1651604    .0081923   .1398929   .1940518
     pp1hi_4 |      2500     .246968    .0105946   .2084456   .2804494
   diff1pp_4 |      2500    .0818076    .0175549    .020504   .1405565
inits_st, 0 to 10

    Variable |       Obs        Mean    Std. Dev.       Min        Max
-------------+--------------------------------------------------------
     pp1lo_5 |      2500    .1973445    .0037609   .1841016   .2096933
     pp1hi_5 |      2500    .2208905    .0114292   .1856633   .2587218
   diff1pp_5 |      2500    .0235461    .0124511  -.0167211   .0628525
gov_st, 0 to 1

    Variable |       Obs        Mean    Std. Dev.       Min        Max
-------------+--------------------------------------------------------
     pp1lo_6 |      2500    .1974636    .0043239   .1833716   .2116641
     pp1hi_6 |      2500     .206104    .0065722   .1844208   .2323797
   diff1pp_6 |      2500    .0086404    .0084066  -.0236966   .0410154
sen_st, 0 to 1

    Variable |       Obs        Mean    Std. Dev.       Min        Max
-------------+--------------------------------------------------------
     pp1lo_7 |      2500    .1951296    .0050221   .1778919   .2145036
     pp1hi_7 |      2500    .2017321    .0043496   .1866054   .2153842
   diff1pp_7 |      2500    .0066025    .0062925  -.0145188   .0256855
sw_mar, .88 to 40.82

    Variable |       Obs        Mean    Std. Dev.       Min        Max
-------------+--------------------------------------------------------
     pp1lo_8 |      2500    .2126818    .0052661   .1959703   .2292398
     pp1hi_8 |      2500    .1742016    .0079785   .1466289   .2120229
   diff1pp_8 |      2500   -.0384802    .0111663  -.0780774   .0061861
age, 18 to 94

    Variable |       Obs        Mean    Std. Dev.       Min        Max
-------------+--------------------------------------------------------
     pp1lo_9 |      2500    .0664718    .0024029    .058607   .0742119
     pp1hi_9 |      2500    .5438502    .0109946   .5085475   .5786626
   diff1pp_9 |      2500    .4773784    .0122567   .4372445   .5151349
educated, 1 to 6

    Variable |       Obs        Mean    Std. Dev.       Min        Max
-------------+--------------------------------------------------------
    pp1lo_10 |      2500    .0937931    .0035124   .0806374   .1060439
    pp1hi_10 |      2500    .3566538    .0081917   .3270096    .380938
  diff1pp_10 |      2500    .2628606    .0100063   .2265861   .2973127
rep, 0 to 1

    Variable |       Obs        Mean    Std. Dev.       Min        Max
-------------+--------------------------------------------------------
    pp1lo_11 |      2500    .1922718     .003828   .1788149   .2058557
    pp1hi_11 |      2500    .2203939    .0045864   .2034048   .2413883
  diff1pp_11 |      2500    .0281221     .004788   .0131041   .0449394
dem, 0 to 1

    Variable |       Obs        Mean    Std. Dev.       Min        Max
-------------+--------------------------------------------------------
    pp1lo_12 |      2500    .1660284    .0034505   .1541543   .1771996
    pp1hi_12 |      2500    .2632279    .0047869   .2445368   .2816967
  diff1pp_12 |      2500    .0971995    .0042574   .0796303   .1116704
black, 0 to 1

    Variable |       Obs        Mean    Std. Dev.       Min        Max
-------------+--------------------------------------------------------
    pp1lo_13 |      2500    .2118319    .0039157   .1977637   .2240158
    pp1hi_13 |      2500     .127894    .0053734   .1089875   .1453874
  diff1pp_13 |      2500   -.0839379    .0064472  -.1085897  -.0561043
hisp, 0 to 1

    Variable |       Obs        Mean    Std. Dev.       Min        Max
-------------+--------------------------------------------------------
    pp1lo_14 |      2500    .2088045    .0035884   .1959639   .2206885
    pp1hi_14 |      2500    .1120446    .0064801   .0916106   .1375692
  diff1pp_14 |      2500   -.0967599    .0066667  -.1216029  -.0709412
male, 0 to 1

    Variable |       Obs        Mean    Std. Dev.       Min        Max
-------------+--------------------------------------------------------
    pp1lo_15 |      2500    .1848914    .0035893    .172323   .1971753
    pp1hi_15 |      2500    .2163076    .0045485   .2023604   .2313919
  diff1pp_15 |      2500    .0314163    .0042179   .0179484   .0449665
married, 0 to 1

    Variable |       Obs        Mean    Std. Dev.       Min        Max
-------------+--------------------------------------------------------
    pp1lo_16 |      2500    .2027622    .0036514   .1901236   .2154641
    pp1hi_16 |      2500    .1630589    .0090407   .1337584   .1983457
  diff1pp_16 |      2500   -.0397033    .0095534  -.0712935   -.006837
children, 0 to 20

    Variable |       Obs        Mean    Std. Dev.       Min        Max
-------------+--------------------------------------------------------
    pp1lo_17 |      2500    .2036209    .0034913   .1928381   .2146679
    pp1hi_17 |      2500    .0730618    .0225189   .0233588   .1786892
  diff1pp_17 |      2500   -.1305591    .0230377  -.1886525  -.0249097
church, 0 to 5

    Variable |       Obs        Mean    Std. Dev.       Min        Max
-------------+--------------------------------------------------------
    pp1lo_18 |      2500    .2057572    .0047001   .1885123   .2231592
    pp1hi_18 |      2500    .1907209    .0051438   .1718962   .2104834
  diff1pp_18 |      2500   -.0150362    .0069788  -.0398728   .0108393
unionmem, 0 to 1

    Variable |       Obs        Mean    Std. Dev.       Min        Max
-------------+--------------------------------------------------------
    pp1lo_19 |      2500    .1898284    .0035758   .1772937   .2024634
    pp1hi_19 |      2500    .2241665    .0042622   .2107382   .2402239
  diff1pp_19 |      2500    .0343381    .0033922   .0230196   .0457814
      name:  donate_results
       log:  /Users/fsolt/Documents/Projects/Workflow/Michael/Campaign3/donate/donate_results.log
  log type:  text
 closed on:  15 Dec 2014, 16:09:43
-------------------------------------------------------------------------------------------------------------
