-------------------------------------------------------------------------------------------------------------
      name:  meetings_results
       log:  /Users/fsolt/Documents/Projects/Workflow/Michael/Campaign3/meetings/meetings_results.log
  log type:  text
 opened on:  15 Dec 2014, 16:11:03


for income = -2

    Variable |       Obs        Mean    Std. Dev.       Min        Max
-------------+--------------------------------------------------------
pp~o_income1 |      2500    .1207123    .0134759    .081011   .1811713
pp~i_income1 |      2500    .0576991    .0047178   .0435302   .0736752
diff1gini_~1 |      2500   -.0630132    .0172662  -.1344316  -.0088703


for income = -1

    Variable |       Obs        Mean    Std. Dev.       Min        Max
-------------+--------------------------------------------------------
pp~o_income2 |      2500    .1301563    .0118648   .0932932   .1826726
pp~i_income2 |      2500    .0663392    .0045217   .0521004   .0803608
diff1gini_~2 |      2500   -.0638171    .0156357  -.1264592  -.0148668


for income = 0

    Variable |       Obs        Mean    Std. Dev.       Min        Max
-------------+--------------------------------------------------------
pp~o_income3 |      2500    .1403846    .0116558   .0983863   .1844488
pp~i_income3 |      2500    .0762092    .0046794   .0616352   .0919588
diff1gini_~3 |      2500   -.0641754    .0156609  -.1227595  -.0077803


for income = 1

    Variable |       Obs        Mean    Std. Dev.       Min        Max
-------------+--------------------------------------------------------
pp~o_income4 |      2500    .1514379    .0135857   .1037257   .2029523
pp~i_income4 |      2500    .0874537     .005525   .0701508    .105339
diff1gini_~4 |      2500   -.0639842    .0182862  -.1300449   .0007369


for income = 2

    Variable |       Obs        Mean    Std. Dev.       Min        Max
-------------+--------------------------------------------------------
pp~o_income5 |      2500    .1633507    .0175789   .1006752   .2310644
pp~i_income5 |      2500    .1002223    .0072451   .0791316   .1259191
diff1gini_~5 |      2500   -.0631284     .023601  -.1469284   .0244128
gdppc, 30.988 to 70.594

    Variable |       Obs        Mean    Std. Dev.       Min        Max
-------------+--------------------------------------------------------
     pp1lo_3 |      2500    .0991347    .0049286   .0834912   .1185775
     pp1hi_3 |      2500    .1092013    .0080514    .082907    .140384
   diff1pp_3 |      2500    .0100666    .0118184  -.0295873   .0516702
div_st, 11 to 81

    Variable |       Obs        Mean    Std. Dev.       Min        Max
-------------+--------------------------------------------------------
     pp1lo_4 |      2500     .102597    .0052669   .0857667   .1210496
     pp1hi_4 |      2500    .1035703    .0069848   .0785541   .1270182
   diff1pp_4 |      2500    .0009733     .011098  -.0354504   .0412515
inits_st, 0 to 10

    Variable |       Obs        Mean    Std. Dev.       Min        Max
-------------+--------------------------------------------------------
     pp1lo_5 |      2500    .1013802    .0027272   .0918221   .1105782
     pp1hi_5 |      2500    .1201555    .0064514    .100102    .142754
   diff1pp_5 |      2500    .0187753    .0068727  -.0047814    .040627
gov_st, 0 to 1

    Variable |       Obs        Mean    Std. Dev.       Min        Max
-------------+--------------------------------------------------------
     pp1lo_6 |      2500    .1017348    .0028611   .0916669   .1106143
     pp1hi_6 |      2500    .1073146    .0060187   .0862162   .1369828
   diff1pp_6 |      2500    .0055798    .0066544  -.0211104   .0406138
sen_st, 0 to 1

    Variable |       Obs        Mean    Std. Dev.       Min        Max
-------------+--------------------------------------------------------
     pp1lo_7 |      2500    .1022275    .0043236   .0876461   .1189618
     pp1hi_7 |      2500    .1033362    .0031009   .0930336    .114249
   diff1pp_7 |      2500    .0011087    .0051657  -.0162111   .0185408
sw_mar, .88 to 40.82

    Variable |       Obs        Mean    Std. Dev.       Min        Max
-------------+--------------------------------------------------------
     pp1lo_8 |      2500    .1032556    .0045723   .0900158   .1193285
     pp1hi_8 |      2500    .1027205     .009918   .0739762   .1422842
   diff1pp_8 |      2500   -.0005351    .0133895  -.0451915   .0508605
age, 18 to 94

    Variable |       Obs        Mean    Std. Dev.       Min        Max
-------------+--------------------------------------------------------
     pp1lo_9 |      2500    .0657355    .0028157   .0573307   .0764454
     pp1hi_9 |      2500    .1747737    .0084867   .1491282   .2006511
   diff1pp_9 |      2500    .1090381    .0099706   .0777375   .1419318
educated, 1 to 6

    Variable |       Obs        Mean    Std. Dev.       Min        Max
-------------+--------------------------------------------------------
    pp1lo_10 |      2500    .0487425    .0020888   .0420895   .0555371
    pp1hi_10 |      2500    .1930951    .0049936   .1756499    .209836
  diff1pp_10 |      2500    .1443526    .0052869   .1281156   .1611917
rep, 0 to 1

    Variable |       Obs        Mean    Std. Dev.       Min        Max
-------------+--------------------------------------------------------
    pp1lo_11 |      2500    .1039759    .0026214   .0954628   .1141217
    pp1hi_11 |      2500    .0999812    .0040817   .0847952   .1157307
  diff1pp_11 |      2500   -.0039947    .0037548  -.0168107   .0081777
dem, 0 to 1

    Variable |       Obs        Mean    Std. Dev.       Min        Max
-------------+--------------------------------------------------------
    pp1lo_12 |      2500    .1016131     .002907   .0913759   .1125396
    pp1hi_12 |      2500    .1050766     .003691   .0906621   .1170708
  diff1pp_12 |      2500    .0034635     .003954  -.0088758   .0160896
black, 0 to 1

    Variable |       Obs        Mean    Std. Dev.       Min        Max
-------------+--------------------------------------------------------
    pp1lo_13 |      2500    .1127229    .0028778   .1031727   .1216458
    pp1hi_13 |      2500     .053683    .0034397    .042535   .0654373
  diff1pp_13 |      2500     -.05904    .0040298  -.0732037  -.0442124
hisp, 0 to 1

    Variable |       Obs        Mean    Std. Dev.       Min        Max
-------------+--------------------------------------------------------
    pp1lo_14 |      2500    .1076283    .0026184   .0992992   .1160487
    pp1hi_14 |      2500    .0602369    .0044247   .0459729   .0760681
  diff1pp_14 |      2500   -.0473913    .0041718  -.0604451  -.0321191
male, 0 to 1

    Variable |       Obs        Mean    Std. Dev.       Min        Max
-------------+--------------------------------------------------------
    pp1lo_15 |      2500    .0923066    .0025707   .0829479    .101461
    pp1hi_15 |      2500    .1159302    .0031886   .1055581   .1271047
  diff1pp_15 |      2500    .0236235    .0024601   .0145149   .0332744
married, 0 to 1

    Variable |       Obs        Mean    Std. Dev.       Min        Max
-------------+--------------------------------------------------------
    pp1lo_16 |      2500    .1039544     .002691   .0951499   .1128459
    pp1hi_16 |      2500    .0916509    .0048459   .0736577   .1091955
  diff1pp_16 |      2500   -.0123034    .0049243  -.0342181   .0024031
children, 0 to 20

    Variable |       Obs        Mean    Std. Dev.       Min        Max
-------------+--------------------------------------------------------
    pp1lo_17 |      2500    .1004323    .0026611   .0919331   .1091473
    pp1hi_17 |      2500    .2816891    .0529102   .1333923   .4762365
  diff1pp_17 |      2500    .1812568    .0535642   .0247835   .3803282
church, 0 to 5

    Variable |       Obs        Mean    Std. Dev.       Min        Max
-------------+--------------------------------------------------------
    pp1lo_18 |      2500    .0822453    .0029031   .0724748    .094362
    pp1hi_18 |      2500    .1390504    .0049767   .1233461   .1560219
  diff1pp_18 |      2500    .0568051    .0058033   .0365669   .0774136
unionmem, 0 to 1

    Variable |       Obs        Mean    Std. Dev.       Min        Max
-------------+--------------------------------------------------------
    pp1lo_19 |      2500    .0937936    .0026347   .0862269   .1027934
    pp1hi_19 |      2500    .1287344    .0033353   .1168449   .1409013
  diff1pp_19 |      2500    .0349407    .0027187   .0253655     .04379
      name:  meetings_results
       log:  /Users/fsolt/Documents/Projects/Workflow/Michael/Campaign3/meetings/meetings_results.log
  log type:  text
 closed on:  15 Dec 2014, 16:11:05
-------------------------------------------------------------------------------------------------------------
