-------------------------------------------------------------------------------------------------------------
      name:  polwork_results
       log:  /Users/fsolt/Documents/Projects/Workflow/Michael/Campaign3/polwork/polwork_results.log
  log type:  text
 opened on:  15 Dec 2014, 16:12:53


for income = -2

    Variable |       Obs        Mean    Std. Dev.       Min        Max
-------------+--------------------------------------------------------
pp~o_income1 |      2500    .0726879      .00918    .046581   .1068329
pp~i_income1 |      2500    .0372772     .003722   .0255256   .0509247
diff1gini_~1 |      2500   -.0354107    .0121591  -.0789098   .0012947


for income = -1

    Variable |       Obs        Mean    Std. Dev.       Min        Max
-------------+--------------------------------------------------------
pp~o_income2 |      2500    .0724756    .0069138   .0532638     .09906
pp~i_income2 |      2500    .0417753    .0038454    .029935   .0565213
diff1gini_~2 |      2500   -.0307004    .0100989  -.0673795   .0008217


for income = 0

    Variable |       Obs        Mean    Std. Dev.       Min        Max
-------------+--------------------------------------------------------
pp~o_income3 |      2500    .0724665    .0066075   .0506103   .0992673
pp~i_income3 |      2500    .0468555    .0046786   .0332448   .0650585
diff1gini_~3 |      2500   -.0256111    .0107047  -.0652947   .0144482


for income = 1

    Variable |       Obs        Mean    Std. Dev.       Min        Max
-------------+--------------------------------------------------------
pp~o_income4 |      2500    .0726609    .0084747   .0430542   .1083238
pp~i_income4 |      2500    .0525904    .0063044   .0366297    .078838
diff1gini_~4 |      2500   -.0200705    .0140572   -.070832   .0357839


for income = 2

    Variable |       Obs        Mean    Std. Dev.       Min        Max
-------------+--------------------------------------------------------
pp~o_income5 |      2500    .0730591     .011558   .0365827   .1261801
pp~i_income5 |      2500    .0590588    .0086738   .0365597   .0953883
diff1gini_~5 |      2500   -.0140004    .0191936  -.0869539   .0586561
gdppc, 30.988 to 70.594

    Variable |       Obs        Mean    Std. Dev.       Min        Max
-------------+--------------------------------------------------------
     pp1lo_3 |      2500    .0535563    .0033785   .0423433   .0649971
     pp1hi_3 |      2500    .0651578    .0065914   .0463478   .0900939
   diff1pp_3 |      2500    .0116014    .0092532  -.0156267   .0452846
div_st, 11 to 81

    Variable |       Obs        Mean    Std. Dev.       Min        Max
-------------+--------------------------------------------------------
     pp1lo_4 |      2500    .0551062     .003965   .0423178   .0698391
     pp1hi_4 |      2500    .0614165    .0048205   .0479699   .0794763
   diff1pp_4 |      2500    .0063103    .0080157  -.0190096   .0371585
inits_st, 0 to 10

    Variable |       Obs        Mean    Std. Dev.       Min        Max
-------------+--------------------------------------------------------
     pp1lo_5 |      2500    .0569722    .0019471   .0498916   .0642798
     pp1hi_5 |      2500    .0669546    .0040824   .0543774    .081339
   diff1pp_5 |      2500    .0099824    .0047637  -.0053999   .0257229
gov_st, 0 to 1

    Variable |       Obs        Mean    Std. Dev.       Min        Max
-------------+--------------------------------------------------------
     pp1lo_6 |      2500    .0581733    .0019044   .0523922    .065754
     pp1hi_6 |      2500    .0565005    .0036689   .0433506   .0708748
   diff1pp_6 |      2500   -.0016727    .0039052  -.0152349   .0158503
sen_st, 0 to 1

    Variable |       Obs        Mean    Std. Dev.       Min        Max
-------------+--------------------------------------------------------
     pp1lo_7 |      2500    .0568942    .0029017   .0471159   .0670775
     pp1hi_7 |      2500    .0583207    .0021898   .0517064   .0655483
   diff1pp_7 |      2500    .0014265    .0035588  -.0099946   .0127007
sw_mar, .88 to 40.82

    Variable |       Obs        Mean    Std. Dev.       Min        Max
-------------+--------------------------------------------------------
     pp1lo_8 |      2500    .0689495    .0031265   .0601816   .0809339
     pp1hi_8 |      2500     .040262    .0038925   .0279181   .0588119
   diff1pp_8 |      2500   -.0286875    .0060929  -.0493092  -.0026293
age, 18 to 94

    Variable |       Obs        Mean    Std. Dev.       Min        Max
-------------+--------------------------------------------------------
     pp1lo_9 |      2500    .0256443    .0017843   .0198307   .0317777
     pp1hi_9 |      2500    .1506379    .0090648    .121475   .1803246
   diff1pp_9 |      2500    .1249937    .0102291   .0928777     .15825
educated, 1 to 6

    Variable |       Obs        Mean    Std. Dev.       Min        Max
-------------+--------------------------------------------------------
    pp1lo_10 |      2500    .0228512    .0012348   .0185773   .0277741
    pp1hi_10 |      2500    .1287744    .0040142   .1140739   .1438077
  diff1pp_10 |      2500    .1059232    .0041679   .0911746   .1204151
rep, 0 to 1

    Variable |       Obs        Mean    Std. Dev.       Min        Max
-------------+--------------------------------------------------------
    pp1lo_11 |      2500    .0562315    .0019486    .048981   .0634943
    pp1hi_11 |      2500    .0624458    .0028614   .0540657    .072145
  diff1pp_11 |      2500    .0062144    .0030323   -.004165   .0155413
dem, 0 to 1

    Variable |       Obs        Mean    Std. Dev.       Min        Max
-------------+--------------------------------------------------------
    pp1lo_12 |      2500    .0451257    .0016512   .0385872   .0510769
    pp1hi_12 |      2500    .0854975    .0034864   .0747891   .0986049
  diff1pp_12 |      2500    .0403718    .0034237   .0290345    .051731
black, 0 to 1

    Variable |       Obs        Mean    Std. Dev.       Min        Max
-------------+--------------------------------------------------------
    pp1lo_13 |      2500    .0610809    .0017602   .0546091   .0675963
    pp1hi_13 |      2500      .03926    .0033122   .0274738   .0532002
  diff1pp_13 |      2500   -.0218209    .0030953  -.0313688  -.0098538
hisp, 0 to 1

    Variable |       Obs        Mean    Std. Dev.       Min        Max
-------------+--------------------------------------------------------
    pp1lo_14 |      2500    .0604616    .0018421   .0532695   .0678418
    pp1hi_14 |      2500    .0339199    .0034675   .0235413   .0505018
  diff1pp_14 |      2500   -.0265417    .0035469  -.0378584  -.0116487
male, 0 to 1

    Variable |       Obs        Mean    Std. Dev.       Min        Max
-------------+--------------------------------------------------------
    pp1lo_15 |      2500    .0581629    .0022987   .0492647   .0652182
    pp1hi_15 |      2500     .057386    .0021174   .0506843   .0652656
  diff1pp_15 |      2500    -.000777    .0026289  -.0090332   .0102233
married, 0 to 1

    Variable |       Obs        Mean    Std. Dev.       Min        Max
-------------+--------------------------------------------------------
    pp1lo_16 |      2500    .0587731    .0018561    .051269   .0651444
    pp1hi_16 |      2500    .0476189    .0044432     .03548   .0699206
  diff1pp_16 |      2500   -.0111542    .0046038  -.0270848   .0101857
children, 0 to 20

    Variable |       Obs        Mean    Std. Dev.       Min        Max
-------------+--------------------------------------------------------
    pp1lo_17 |      2500    .0587061    .0019443   .0522421    .065647
    pp1hi_17 |      2500    .0325285    .0189638   .0028777   .1782809
  diff1pp_17 |      2500   -.0261776    .0196418  -.0616907   .1213784
church, 0 to 5

    Variable |       Obs        Mean    Std. Dev.       Min        Max
-------------+--------------------------------------------------------
    pp1lo_18 |      2500    .0491817    .0017126   .0431356   .0551855
    pp1hi_18 |      2500    .0720703    .0036613    .060533   .0836905
  diff1pp_18 |      2500    .0228885    .0038931   .0100978   .0360322
unionmem, 0 to 1

    Variable |       Obs        Mean    Std. Dev.       Min        Max
-------------+--------------------------------------------------------
    pp1lo_19 |      2500    .0534786    .0016952   .0465868   .0600522
    pp1hi_19 |      2500    .0697846    .0024872    .062319   .0801176
  diff1pp_19 |      2500     .016306     .001716    .010785   .0221755
      name:  polwork_results
       log:  /Users/fsolt/Documents/Projects/Workflow/Michael/Campaign3/polwork/polwork_results.log
  log type:  text
 closed on:  15 Dec 2014, 16:12:58
-------------------------------------------------------------------------------------------------------------
